<?xml version="1.0" encoding="UTF-8"?>
<testsuite xmlns:xsi="http://www.w3.org/2001/XMLSchema-instance" xsi:noNamespaceSchemaLocation="https://maven.apache.org/surefire/maven-surefire-plugin/xsd/surefire-test-report.xsd" name="br.unicamp.ic.inf335.beans.AnuncioBeanTest" time="0" tests="2" errors="0" skipped="0" failures="0">
  <properties>
[...]
</properties>
  <testcase name="getValorIgualADez" classname="br.unicamp.ic.inf335.beans.AnuncioBeanTest" time="0"/>
  <testcase name="getValorIgualACinco" classname="br.unicamp.ic.inf335.beans.AnuncioBeanTest" time="0"/>
</testsuite>